\BOOKMARK [1][-]{section*.1}{\376\377\000A\000b\000s\000t\000r\000a\000c\000t}{}% 1
\BOOKMARK [1][-]{section.1}{\376\377\0001\000\040\000I\000n\000t\000r\000o\000d\000u\000c\000t\000i\000o\000n}{}% 2
\BOOKMARK [1][-]{section.2}{\376\377\0002\000\040\000D\000N\000S\000\040\040\023\000\040\000A\000\040\000P\000r\000a\000c\000t\000i\000c\000a\000l\000\040\000V\000i\000e\000w\000p\000o\000i\000n\000t}{}% 3
\BOOKMARK [2][-]{subsection.2.1}{\376\377\0002\000.\0001\000\040\000G\000r\000e\000a\000t\000\040\000L\000a\000t\000e\000n\000c\000y\000\040\000S\000a\000v\000i\000n\000g\000s\000\040\000P\000o\000t\000e\000n\000t\000i\000a\000l}{section.2}% 4
\BOOKMARK [2][-]{subsection.2.2}{\376\377\0002\000.\0002\000\040\000P\000r\000a\000c\000t\000i\000c\000a\000l\000\040\000D\000N\000S\000\040\000P\000i\000t\000f\000a\000l\000l\000s}{section.2}% 5
\BOOKMARK [1][-]{section.3}{\376\377\0003\000\040\000A\000\040\000C\000l\000o\000s\000e\000\040\000L\000o\000o\000k\000\040\000a\000t\000\040\000a\000\040\000R\000e\000c\000u\000r\000s\000i\000v\000e\000\040\000R\000e\000s\000o\000l\000v\000e\000r}{}% 6
\BOOKMARK [2][-]{subsection.3.1}{\376\377\0003\000.\0001\000\040\000D\000a\000t\000a\000\040\000S\000o\000u\000r\000c\000e}{section.3}% 7
\BOOKMARK [2][-]{subsection.3.2}{\376\377\0003\000.\0002\000\040\000H\000o\000w\000\040\000O\000f\000t\000e\000n\000\040\000D\000o\000e\000s\000\040\000a\000\040\000U\000s\000e\000r\000\040\000I\000n\000t\000e\000r\000a\000c\000t\000\040\000w\000i\000t\000h\000\040\000t\000h\000e\000\040\000R\000o\000o\000t\000s\000?}{section.3}% 8
\BOOKMARK [1][-]{section.4}{\376\377\0004\000\040\000A\000\040\000G\000l\000o\000b\000a\000l\000\040\000L\000o\000o\000k\000\040\000a\000t\000\040\000U\000s\000e\000r\000s\000\040\000o\000f\000\040\000a\000\040\000L\000a\000r\000g\000e\000\040\000C\000D\000N}{}% 9
\BOOKMARK [2][-]{subsection.4.1}{\376\377\0004\000.\0001\000\040\000D\000a\000t\000a\000\040\000S\000o\000u\000r\000c\000e\000s\000\040\000a\000n\000d\000\040\000P\000r\000o\000c\000e\000s\000s\000i\000n\000g}{section.4}% 10
\BOOKMARK [2][-]{subsection.4.2}{\376\377\0004\000.\0002\000\040\000R\000o\000o\000t\000\040\000L\000a\000t\000e\000n\000c\000y\000\040\000E\000x\000p\000e\000r\000i\000e\000n\000c\000e\000d\000\040\000b\000y\000\040\000U\000s\000e\000r\000s}{section.4}% 11
\BOOKMARK [2][-]{subsection.4.3}{\376\377\0004\000.\0003\000\040\000C\000o\000m\000p\000a\000r\000i\000s\000o\000n\000\040\000t\000o\000\040\000A\000n\000y\000c\000a\000s\000t\000\040\000P\000a\000t\000h\000\040\000I\000n\000f\000l\000a\000t\000i\000o\000n}{section.4}% 12
\BOOKMARK [1][-]{section.5}{\376\377\0005\000\040\000D\000i\000s\000c\000u\000s\000s\000i\000o\000n}{}% 13
\BOOKMARK [2][-]{subsection.5.1}{\376\377\0005\000.\0001\000\040\000A\000p\000p\000r\000o\000x\000i\000m\000a\000t\000i\000o\000n\000s\000\040\000a\000n\000d\000\040\000L\000i\000m\000i\000t\000a\000t\000i\000o\000n\000s}{section.5}% 14
\BOOKMARK [2][-]{subsection.5.2}{\376\377\0005\000.\0002\000\040\000R\000o\000o\000t\000\040\000D\000N\000S\000\040\000i\000n\000\040\000A\000n\000y\000c\000a\000s\000t}{section.5}% 15
\BOOKMARK [1][-]{section.6}{\376\377\0006\000\040\000R\000e\000l\000a\000t\000e\000d\000\040\000W\000o\000r\000k}{}% 16
\BOOKMARK [2][-]{subsection.6.1}{\376\377\0006\000.\0001\000\040\000R\000o\000o\000t\000\040\000D\000N\000S\000\040\000A\000n\000y\000c\000a\000s\000t\000\040\000P\000e\000r\000f\000o\000r\000m\000a\000n\000c\000e}{section.6}% 17
\BOOKMARK [2][-]{subsection.6.2}{\376\377\0006\000.\0002\000\040\000C\000D\000N\000\040\000A\000n\000y\000c\000a\000s\000t\000\040\000P\000e\000r\000f\000o\000r\000m\000a\000n\000c\000e}{section.6}% 18
\BOOKMARK [2][-]{subsection.6.3}{\376\377\0006\000.\0003\000\040\000R\000e\000c\000u\000r\000s\000i\000v\000e\000\040\000R\000e\000s\000o\000l\000v\000e\000r\000s\000\040\000a\000n\000d\000\040\000t\000h\000e\000\040\000B\000e\000n\000e\000f\000i\000t\000s\000\040\000o\000f\000\040\000C\000a\000c\000h\000i\000n\000g}{section.6}% 19
\BOOKMARK [2][-]{subsection.6.4}{\376\377\0006\000.\0004\000\040\000W\000e\000b\000\040\000P\000e\000r\000f\000o\000r\000m\000a\000n\000c\000e}{section.6}% 20
\BOOKMARK [1][-]{section.7}{\376\377\0007\000\040\000C\000o\000n\000c\000l\000u\000s\000i\000o\000n}{}% 21
\BOOKMARK [1][-]{section*.10}{\376\377\000R\000e\000f\000e\000r\000e\000n\000c\000e\000s}{}% 22
